⚠ Slow filesystem detected. The benchmark took 706ms. If D:\onedrive\Downloads\yt-control-nb\.next/dev is a network drive, consider moving it to a local folder.
See more: https://nextjs.org/docs/app/guides/local-development
[browser] The final argument passed to useEffect changed size between renders. The order and size of this array must remain constant.

Previous: [ws_script_execution_483cc031-247c-4069-b8aa-4a1bb836798b, true, Refatorando o Ego: Aceitar Code Review da Vida é Maturidade, [object Object], [object Object],[object Object],[object Object],[object Object],[object Object],[object Object],[object Object],[object Object],[object Object],[object Object], false, [object Object], true, ]
Incoming: [ws_script_execution_483cc031-247c-4069-b8aa-4a1bb836798b, true, Refatorando o Ego: Aceitar Code Review da Vida é Maturidade, [object Object], [object Object],[object Object],[object Object],[object Object],[object Object],[object Object],[object Object],[object Object],[object Object],[object Object], false, [object Object], true, , internal, , , ] 
    at ScriptEngine (components/ScriptEngine.tsx:314:12)
    at Set.forEach (<anonymous>)
  312 |   }, [executionStorageKey, pendingData]);
  313 |
> 314 |   useEffect(() => {
      |            ^
  315 |     if (!executionStorageKey || !executionHydrated) return;
  316 |
  317 |     const shouldPersist = !!approvedBriefing || !assemblerActive || !!approvedTheme; (components/ScriptEngine.tsx:314:12)
[browser] ⚠️ Supabase Sync Error: Could not find the 'default_execution_mode' column of 'projects' in the schema cache (app/page.tsx:584:30)
⚠ Fast Refresh had to perform a full reload due to a runtime error.
[browser] [ContentOS] Failsafe: inicialização demorou muito, forçando setLoading(false) (app/page.tsx:111:19)
[browser] [ContentOS] Failsafe: inicialização demorou muito, forçando setLoading(false) (app/page.tsx:111:19)
[browser] [ContentOS] Failsafe: inicialização demorou muito, forçando setLoading(false) (app/page.tsx:111:19)
[browser] [ContentOS] Failsafe: inicialização demorou muito, forçando setLoading(false) (app/page.tsx:111:19)
⚠ Fast Refresh had to perform a full reload due to a runtime error.
Persisting failed: Unable to open static sorted file referenced from 00008337.meta

Caused by:
    0: Unable to open static sorted file 00008336.sst
    1: Failed to open SST file D:\onedrive\Downloads\yt-control-nb\.next\dev\cache/turbopack\52faae3d\00008336.sst
    2: O arquivo já está sendo usado por outro processo. (os error 32)
Compaction failed: Another write batch or compaction is already active (Only a single write operations is allowed at a time)
Persisting failed: Another write batch or compaction is already active (Only a single write operations is allowed at a time)
Persisting failed: Another write batch or compaction is already active (Only a single write operations is allowed at a time)
Compaction failed: Another write batch or compaction is already active (Only a single write operations is allowed at a time)
Persisting failed: Another write batch or compaction is already active (Only a single write operations is allowed at a time)
Compaction failed: Another write batch or compaction is already active (Only a single write operations is allowed at a time)
Persisting failed: Another write batch or compaction is already active (Only a single write operations is allowed at a time)
Compaction failed: Another write batch or compaction is already active (Only a single write operations is allowed at a time)
Persisting failed: Another write batch or compaction is already active (Only a single write operations is allowed at a time)
Compaction failed: Another write batch or compaction is already active (Only a single write operations is allowed at a time)
Persisting failed: Another write batch or compaction is already active (Only a single write operations is allowed at a time)
Persisting failed: Another write batch or compaction is already active (Only a single write operations is allowed at a time)
Compaction failed: Another write batch or compaction is already active (Only a single write operations is allowed at a time)
Persisting failed: Another write batch or compaction is already active (Only a single write operations is allowed at a time)
Compaction failed: Another write batch or compaction is already active (Only a single write operations is allowed at a time)
Persisting failed: Another write batch or compaction is already active (Only a single write operations is allowed at a time)
Compaction failed: Another write batch or compaction is already active (Only a single write operations is allowed at a time)
Persisting failed: Another write batch or compaction is already active (Only a single write operations is allowed at a time)
Persisting failed: Another write batch or compaction is already active (Only a single write operations is allowed at a time)
Compaction failed: Another write batch or compaction is already active (Only a single write operations is allowed at a time)
Persisting failed: Another write batch or compaction is already active (Only a single write operations is allowed at a time)
Compaction failed: Another write batch or compaction is already active (Only a single write operations is allowed at a time)
Persisting failed: Another write batch or compaction is already active (Only a single write operations is allowed at a time)
Persisting failed: Another write batch or compaction is already active (Only a single write operations is allowed at a time)
Compaction failed: Another write batch or compaction is already active (Only a single write operations is allowed at a time)
Persisting failed: Another write batch or compaction is already active (Only a single write operations is allowed at a time)
Compaction failed: Another write batch or compaction is already active (Only a single write operations is allowed at a time)
Persisting failed: Another write batch or compaction is already active (Only a single write operations is allowed at a time)
Compaction failed: Another write batch or compaction is already active (Only a single write operations is allowed at a time)
Persisting failed: Another write batch or compaction is already active (Only a single write operations is allowed at a time)
Compaction failed: Another write batch or compaction is already active (Only a single write operations is allowed at a time)
Persisting failed: Another write batch or compaction is already active (Only a single write operations is allowed at a time)
Compaction failed: Another write batch or compaction is already active (Only a single write operations is allowed at a time)
Persisting failed: Another write batch or compaction is already active (Only a single write operations is allowed at a time)
Compaction failed: Another write batch or compaction is already active (Only a single write operations is allowed at a time)
Persisting failed: Another write batch or compaction is already active (Only a single write operations is allowed at a time)
Persisting failed: Another write batch or compaction is already active (Only a single write operations is allowed at a time)
Compaction failed: Another write batch or compaction is already active (Only a single write operations is allowed at a time)
Persisting failed: Another write batch or compaction is already active (Only a single write operations is allowed at a time)
Compaction failed: Another write batch or compaction is already active (Only a single write operations is allowed at a time)
Persisting failed: Another write batch or compaction is already active (Only a single write operations is allowed at a time)
Persisting failed: Another write batch or compaction is already active (Only a single write operations is allowed at a time)
Compaction failed: Another write batch or compaction is already active (Only a single write operations is allowed at a time)
Persisting failed: Another write batch or compaction is already active (Only a single write operations is allowed at a time)
Persisting failed: Another write batch or compaction is already active (Only a single write operations is allowed at a time)
Persisting failed: Another write batch or compaction is already active (Only a single write operations is allowed at a time)
Compaction failed: Another write batch or compaction is already active (Only a single write operations is allowed at a time)
Persisting failed: Another write batch or compaction is already active (Only a single write operations is allowed at a time)
Compaction failed: Another write batch or compaction is already active (Only a single write operations is allowed at a time)
Persisting failed: Another write batch or compaction is already active (Only a single write operations is allowed at a time)
Compaction failed: Another write batch or compaction is already active (Only a single write operations is allowed at a time)
Persisting failed: Another write batch or compaction is already active (Only a single write operations is allowed at a time)
Compaction failed: Another write batch or compaction is already active (Only a single write operations is allowed at a time)
Persisting failed: Another write batch or compaction is already active (Only a single write operations is allowed at a time)
Compaction failed: Another write batch or compaction is already active (Only a single write operations is allowed at a time)
⨯ ./components/ScriptEngine.tsx:183:29
Expected ';', '}' or <eof>
  [90m181 |[0m       
  [90m182 |[0m       setComponents(localItems);
[31m[1m>[0m [90m183 |[0m           { id: [32m'h_S1'[0m, [36mtype[0m: [32m'Hook'[0m, name: [32m'Provocação S1'[0m, description: [32m'Começa com um ...[0m
  [90m    |[0m                             [31m[1m^[0m
  [90m184 |[0m           { id: [32m'h_S5'[0m, [36mtype[0m: [32m'Hook'[0m, name: [32m'Blueprint S5'[0m, description: [32m'Apresenta o map...[0m
  [90m185 |[0m           { id: [32m'h_S3'[0m, [36mtype[0m: [32m'Hook'[0m, name: [32m'Interrupção S3'[0m, description: [32m'Quebra de pad...[0m
  [90m186 |[0m           { id: [32m'cta_default'[0m, [36mtype[0m: [32m'CTA'[0m, name: [32m'Conversão PUC'[0m, description: [32m'Chamada ..[0m.

Parsing ecmascript source code failed

Import traces:
  Client Component Browser:
    ./components/ScriptEngine.tsx [Client Component Browser]
    ./app/page.tsx [Client Component Browser]
    ./app/page.tsx [Server Component]

  Client Component SSR:
    ./components/ScriptEngine.tsx [Client Component SSR]
    ./app/page.tsx [Client Component SSR]
    ./app/page.tsx [Server Component]


Persisting failed: Another write batch or compaction is already active (Only a single write operations is allowed at a time)
⨯ ./components/ScriptEngine.tsx:183:29
Expected ';', '}' or <eof>
  [90m181 |[0m       
  [90m182 |[0m       setComponents(localItems);
[31m[1m>[0m [90m183 |[0m           { id: [32m'h_S1'[0m, [36mtype[0m: [32m'Hook'[0m, name: [32m'Provocação S1'[0m, description: [32m'Começa com um ...[0m
  [90m    |[0m                             [31m[1m^[0m
  [90m184 |[0m           { id: [32m'h_S5'[0m, [36mtype[0m: [32m'Hook'[0m, name: [32m'Blueprint S5'[0m, description: [32m'Apresenta o map...[0m
  [90m185 |[0m           { id: [32m'h_S3'[0m, [36mtype[0m: [32m'Hook'[0m, name: [32m'Interrupção S3'[0m, description: [32m'Quebra de pad...[0m
  [90m186 |[0m           { id: [32m'cta_default'[0m, [36mtype[0m: [32m'CTA'[0m, name: [32m'Conversão PUC'[0m, description: [32m'Chamada ..[0m.

Parsing ecmascript source code failed

Import traces:
  Client Component Browser:
    ./components/ScriptEngine.tsx [Client Component Browser]
    ./app/page.tsx [Client Component Browser]
    ./app/page.tsx [Server Component]

  Client Component SSR:
    ./components/ScriptEngine.tsx [Client Component SSR]
    ./app/page.tsx [Client Component SSR]
    ./app/page.tsx [Server Component]


⨯ ./components/ScriptEngine.tsx:183:29
Expected ';', '}' or <eof>
  [90m181 |[0m       
  [90m182 |[0m       setComponents(localItems);
[31m[1m>[0m [90m183 |[0m           { id: [32m'h_S1'[0m, [36mtype[0m: [32m'Hook'[0m, name: [32m'Provocação S1'[0m, description: [32m'Começa com um ...[0m
  [90m    |[0m                             [31m[1m^[0m
  [90m184 |[0m           { id: [32m'h_S5'[0m, [36mtype[0m: [32m'Hook'[0m, name: [32m'Blueprint S5'[0m, description: [32m'Apresenta o map...[0m
  [90m185 |[0m           { id: [32m'h_S3'[0m, [36mtype[0m: [32m'Hook'[0m, name: [32m'Interrupção S3'[0m, description: [32m'Quebra de pad...[0m
  [90m186 |[0m           { id: [32m'cta_default'[0m, [36mtype[0m: [32m'CTA'[0m, name: [32m'Conversão PUC'[0m, description: [32m'Chamada ..[0m.

Parsing ecmascript source code failed

Import traces:
  Client Component Browser:
    ./components/ScriptEngine.tsx [Client Component Browser]
    ./app/page.tsx [Client Component Browser]
    ./app/page.tsx [Server Component]

  Client Component SSR:
    ./components/ScriptEngine.tsx [Client Component SSR]
    ./app/page.tsx [Client Component SSR]
    ./app/page.tsx [Server Component]


⨯ ./components/ScriptEngine.tsx:183:29
Expected ';', '}' or <eof>
  [90m181 |[0m       
  [90m182 |[0m       setComponents(localItems);
[31m[1m>[0m [90m183 |[0m           { id: [32m'h_S1'[0m, [36mtype[0m: [32m'Hook'[0m, name: [32m'Provocação S1'[0m, description: [32m'Começa com um ...[0m
  [90m    |[0m                             [31m[1m^[0m
  [90m184 |[0m           { id: [32m'h_S5'[0m, [36mtype[0m: [32m'Hook'[0m, name: [32m'Blueprint S5'[0m, description: [32m'Apresenta o map...[0m
  [90m185 |[0m           { id: [32m'h_S3'[0m, [36mtype[0m: [32m'Hook'[0m, name: [32m'Interrupção S3'[0m, description: [32m'Quebra de pad...[0m
  [90m186 |[0m           { id: [32m'cta_default'[0m, [36mtype[0m: [32m'CTA'[0m, name: [32m'Conversão PUC'[0m, description: [32m'Chamada ..[0m.

Parsing ecmascript source code failed

Import traces:
  Client Component Browser:
    ./components/ScriptEngine.tsx [Client Component Browser]
    ./app/page.tsx [Client Component Browser]
    ./app/page.tsx [Server Component]

  Client Component SSR:
    ./components/ScriptEngine.tsx [Client Component SSR]
    ./app/page.tsx [Client Component SSR]
    ./app/page.tsx [Server Component]


⨯ ./components/ScriptEngine.tsx:183:29
Expected ';', '}' or <eof>
  [90m181 |[0m       
  [90m182 |[0m       setComponents(localItems);
[31m[1m>[0m [90m183 |[0m           { id: [32m'h_S1'[0m, [36mtype[0m: [32m'Hook'[0m, name: [32m'Provocação S1'[0m, description: [32m'Começa com um ...[0m
  [90m    |[0m                             [31m[1m^[0m
  [90m184 |[0m           { id: [32m'h_S5'[0m, [36mtype[0m: [32m'Hook'[0m, name: [32m'Blueprint S5'[0m, description: [32m'Apresenta o map...[0m
  [90m185 |[0m           { id: [32m'h_S3'[0m, [36mtype[0m: [32m'Hook'[0m, name: [32m'Interrupção S3'[0m, description: [32m'Quebra de pad...[0m
  [90m186 |[0m           { id: [32m'cta_default'[0m, [36mtype[0m: [32m'CTA'[0m, name: [32m'Conversão PUC'[0m, description: [32m'Chamada ..[0m.

Parsing ecmascript source code failed

Import traces:
  Client Component Browser:
    ./components/ScriptEngine.tsx [Client Component Browser]
    ./app/page.tsx [Client Component Browser]
    ./app/page.tsx [Server Component]

  Client Component SSR:
    ./components/ScriptEngine.tsx [Client Component SSR]
    ./app/page.tsx [Client Component SSR]
    ./app/page.tsx [Server Component]


[browser] Uncaught Error: ./components/ScriptEngine.tsx:183:29
Expected ';', '}' or <eof>
  181 |       
  182 |       setComponents(localItems);
> 183 |           { id: 'h_S1', type: 'Hook', name: 'Provocação S1', description: 'Começa com um ...
      |                             ^
  184 |           { id: 'h_S5', type: 'Hook', name: 'Blueprint S5', description: 'Apresenta o map...
  185 |           { id: 'h_S3', type: 'Hook', name: 'Interrupção S3', description: 'Quebra de pad...
  186 |           { id: 'cta_default', type: 'CTA', name: 'Conversão PUC', description: 'Chamada ...

Parsing ecmascript source code failed

Import traces:
  Client Component Browser:
    ./components/ScriptEngine.tsx [Client Component Browser]
    ./app/page.tsx [Client Component Browser]
    ./app/page.tsx [Server Component]

  Client Component SSR:
    ./components/ScriptEngine.tsx [Client Component SSR]
    ./app/page.tsx [Client Component SSR]
    ./app/page.tsx [Server Component]


    at <unknown> (Error: ./components/ScriptEngine.tsx:183:29)
    at <unknown> (Error: (./components/ScriptEngine.tsx:183:29)
Persisting failed: Another write batch or compaction is already active (Only a single write operations is allowed at a time)
Compaction failed: Another write batch or compaction is already active (Only a single write operations is allowed at a time)
Persisting failed: Another write batch or compaction is already active (Only a single write operations is allowed at a time)
Compaction failed: Another write batch or compaction is already active (Only a single write operations is allowed at a time)
Persisting failed: Another write batch or compaction is already active (Only a single write operations is allowed at a time)
Compaction failed: Another write batch or compaction is already active (Only a single write operations is allowed at a time)
Persisting failed: Another write batch or compaction is already active (Only a single write operations is allowed at a time)
Compaction failed: Another write batch or compaction is already active (Only a single write operations is allowed at a time)
Persisting failed: Another write batch or compaction is already active (Only a single write operations is allowed at a time)
Compaction failed: Another write batch or compaction is already active (Only a single write operations is allowed at a time)
Persisting failed: Another write batch or compaction is already active (Only a single write operations is allowed at a time)
Compaction failed: Another write batch or compaction is already active (Only a single write operations is allowed at a time)
Persisting failed: Another write batch or compaction is already active (Only a single write operations is allowed at a time)
Compaction failed: Another write batch or compaction is already active (Only a single write operations is allowed at a time)
Persisting failed: Another write batch or compaction is already active (Only a single write operations is allowed at a time)
Compaction failed: Another write batch or compaction is already active (Only a single write operations is allowed at a time)
Persisting failed: Another write batch or compaction is already active (Only a single write operations is allowed at a time)
Compaction failed: Another write batch or compaction is already active (Only a single write operations is allowed at a time)
Persisting failed: Another write batch or compaction is already active (Only a single write operations is allowed at a time)
Compaction failed: Another write batch or compaction is already active (Only a single write operations is allowed at a time)
[browser] ./components/ScriptEngine.tsx:183:29
Expected ';', '}' or <eof>
  181 |       
  182 |       setComponents(localItems);
> 183 |           { id: 'h_S1', type: 'Hook', name: 'Provocação S1', description: 'Começa com um ...
      |                             ^
  184 |           { id: 'h_S5', type: 'Hook', name: 'Blueprint S5', description: 'Apresenta o map...
  185 |           { id: 'h_S3', type: 'Hook', name: 'Interrupção S3', description: 'Quebra de pad...
  186 |           { id: 'cta_default', type: 'CTA', name: 'Conversão PUC', description: 'Chamada ...

Parsing ecmascript source code failed

Import traces:
  Client Component Browser:
    ./components/ScriptEngine.tsx [Client Component Browser]
    ./app/page.tsx [Client Component Browser]
    ./app/page.tsx [Server Component]

  Client Component SSR:
    ./components/ScriptEngine.tsx [Client Component SSR]
    ./app/page.tsx [Client Component SSR]
    ./app/page.tsx [Server Component] 
[browser] ./components/ScriptEngine.tsx:183:29
Expected ';', '}' or <eof>
  181 |       
  182 |       setComponents(localItems);
> 183 |           { id: 'h_S1', type: 'Hook', name: 'Provocação S1', description: 'Começa com um ...
      |                             ^
  184 |           { id: 'h_S5', type: 'Hook', name: 'Blueprint S5', description: 'Apresenta o map...
  185 |           { id: 'h_S3', type: 'Hook', name: 'Interrupção S3', description: 'Quebra de pad...
  186 |           { id: 'cta_default', type: 'CTA', name: 'Conversão PUC', description: 'Chamada ...

Parsing ecmascript source code failed

Import traces:
  Client Component Browser:
    ./components/ScriptEngine.tsx [Client Component Browser]
    ./app/page.tsx [Client Component Browser]
    ./app/page.tsx [Server Component]

  Client Component SSR:
    ./components/ScriptEngine.tsx [Client Component SSR]
    ./app/page.tsx [Client Component SSR]
    ./app/page.tsx [Server Component] 
[browser] ./components/ScriptEngine.tsx:183:29
Expected ';', '}' or <eof>
  181 |       
  182 |       setComponents(localItems);
> 183 |           { id: 'h_S1', type: 'Hook', name: 'Provocação S1', description: 'Começa com um ...
      |                             ^
  184 |           { id: 'h_S5', type: 'Hook', name: 'Blueprint S5', description: 'Apresenta o map...
  185 |           { id: 'h_S3', type: 'Hook', name: 'Interrupção S3', description: 'Quebra de pad...
  186 |           { id: 'cta_default', type: 'CTA', name: 'Conversão PUC', description: 'Chamada ...

Parsing ecmascript source code failed

Import traces:
  Client Component Browser:
    ./components/ScriptEngine.tsx [Client Component Browser]
    ./app/page.tsx [Client Component Browser]
    ./app/page.tsx [Server Component]

  Client Component SSR:
    ./components/ScriptEngine.tsx [Client Component SSR]
    ./app/page.tsx [Client Component SSR]
    ./app/page.tsx [Server Component] 
[browser] ./components/ScriptEngine.tsx:183:29
Expected ';', '}' or <eof>
  181 |       
  182 |       setComponents(localItems);
> 183 |           { id: 'h_S1', type: 'Hook', name: 'Provocação S1', description: 'Começa com um ...
      |                             ^
  184 |           { id: 'h_S5', type: 'Hook', name: 'Blueprint S5', description: 'Apresenta o map...
  185 |           { id: 'h_S3', type: 'Hook', name: 'Interrupção S3', description: 'Quebra de pad...
  186 |           { id: 'cta_default', type: 'CTA', name: 'Conversão PUC', description: 'Chamada ...

Parsing ecmascript source code failed

Import traces:
  Client Component Browser:
    ./components/ScriptEngine.tsx [Client Component Browser]
    ./app/page.tsx [Client Component Browser]
    ./app/page.tsx [Server Component]

  Client Component SSR:
    ./components/ScriptEngine.tsx [Client Component SSR]
    ./app/page.tsx [Client Component SSR]
    ./app/page.tsx [Server Component] 
[browser] ./components/ScriptEngine.tsx:183:29
Expected ';', '}' or <eof>
  181 |       
  182 |       setComponents(localItems);
> 183 |           { id: 'h_S1', type: 'Hook', name: 'Provocação S1', description: 'Começa com um ...
      |                             ^
  184 |           { id: 'h_S5', type: 'Hook', name: 'Blueprint S5', description: 'Apresenta o map...
  185 |           { id: 'h_S3', type: 'Hook', name: 'Interrupção S3', description: 'Quebra de pad...
  186 |           { id: 'cta_default', type: 'CTA', name: 'Conversão PUC', description: 'Chamada ...

Parsing ecmascript source code failed

Import traces:
  Client Component Browser:
    ./components/ScriptEngine.tsx [Client Component Browser]
    ./app/page.tsx [Client Component Browser]
    ./app/page.tsx [Server Component]

  Client Component SSR:
    ./components/ScriptEngine.tsx [Client Component SSR]
    ./app/page.tsx [Client Component SSR]
    ./app/page.tsx [Server Component] 
[browser] ./components/ScriptEngine.tsx:183:29
Expected ';', '}' or <eof>
  181 |       
  182 |       setComponents(localItems);
> 183 |           { id: 'h_S1', type: 'Hook', name: 'Provocação S1', description: 'Começa com um ...
      |                             ^
  184 |           { id: 'h_S5', type: 'Hook', name: 'Blueprint S5', description: 'Apresenta o map...
  185 |           { id: 'h_S3', type: 'Hook', name: 'Interrupção S3', description: 'Quebra de pad...
  186 |           { id: 'cta_default', type: 'CTA', name: 'Conversão PUC', description: 'Chamada ...

Parsing ecmascript source code failed

Import traces:
  Client Component Browser:
    ./components/ScriptEngine.tsx [Client Component Browser]
    ./app/page.tsx [Client Component Browser]
    ./app/page.tsx [Server Component]

  Client Component SSR:
    ./components/ScriptEngine.tsx [Client Component SSR]
    ./app/page.tsx [Client Component SSR]
    ./app/page.tsx [Server Component] 
[browser] ./components/ScriptEngine.tsx:182:29
Expected ';', '}' or <eof>
  180 |       
  181 |       setComponents(localItems);
> 182 |           { id: 'h_S1', type: 'Hook', name: 'Provocação S1', description: 'Começa com um ...
      |                             ^
  183 |           { id: 'h_S5', type: 'Hook', name: 'Blueprint S5', description: 'Apresenta o map...
  184 |           { id: 'h_S3', type: 'Hook', name: 'Interrupção S3', description: 'Quebra de pad...
  185 |           { id: 'cta_default', type: 'CTA', name: 'Conversão PUC', description: 'Chamada ...

Parsing ecmascript source code failed

Import traces:
  Client Component Browser:
    ./components/ScriptEngine.tsx [Client Component Browser]
    ./app/page.tsx [Client Component Browser]
    ./app/page.tsx [Server Component]

  Client Component SSR:
    ./components/ScriptEngine.tsx [Client Component SSR]
    ./app/page.tsx [Client Component SSR]
    ./app/page.tsx [Server Component] 
[browser] ./components/ScriptEngine.tsx:182:29
Expected ';', '}' or <eof>
  180 |       
  181 |       setComponents(localItems);
> 182 |           { id: 'h_S1', type: 'Hook', name: 'Provocação S1', description: 'Começa com um ...
      |                             ^
  183 |           { id: 'h_S5', type: 'Hook', name: 'Blueprint S5', description: 'Apresenta o map...
  184 |           { id: 'h_S3', type: 'Hook', name: 'Interrupção S3', description: 'Quebra de pad...
  185 |           { id: 'cta_default', type: 'CTA', name: 'Conversão PUC', description: 'Chamada ...

Parsing ecmascript source code failed

Import traces:
  Client Component Browser:
    ./components/ScriptEngine.tsx [Client Component Browser]
    ./app/page.tsx [Client Component Browser]
    ./app/page.tsx [Server Component]

  Client Component SSR:
    ./components/ScriptEngine.tsx [Client Component SSR]
    ./app/page.tsx [Client Component SSR]
    ./app/page.tsx [Server Component] 
[browser] ./components/ScriptEngine.tsx:182:29
Expected ';', '}' or <eof>
  180 |       
  181 |       setComponents(localItems);
> 182 |           { id: 'h_S1', type: 'Hook', name: 'Provocação S1', description: 'Começa com um ...
      |                             ^
  183 |           { id: 'h_S5', type: 'Hook', name: 'Blueprint S5', description: 'Apresenta o map...
  184 |           { id: 'h_S3', type: 'Hook', name: 'Interrupção S3', description: 'Quebra de pad...
  185 |           { id: 'cta_default', type: 'CTA', name: 'Conversão PUC', description: 'Chamada ...

Parsing ecmascript source code failed

Import traces:
  Client Component Browser:
    ./components/ScriptEngine.tsx [Client Component Browser]
    ./app/page.tsx [Client Component Browser]
    ./app/page.tsx [Server Component]

  Client Component SSR:
    ./components/ScriptEngine.tsx [Client Component SSR]
    ./app/page.tsx [Client Component SSR]
    ./app/page.tsx [Server Component] 
[browser] ./components/ScriptEngine.tsx:182:29
Expected ';', '}' or <eof>
  180 |       
  181 |       setComponents(localItems);
> 182 |           { id: 'h_S1', type: 'Hook', name: 'Provocação S1', description: 'Começa com um ...
      |                             ^
  183 |           { id: 'h_S5', type: 'Hook', name: 'Blueprint S5', description: 'Apresenta o map...
  184 |           { id: 'h_S3', type: 'Hook', name: 'Interrupção S3', description: 'Quebra de pad...
  185 |           { id: 'cta_default', type: 'CTA', name: 'Conversão PUC', description: 'Chamada ...

Parsing ecmascript source code failed

Import traces:
  Client Component Browser:
    ./components/ScriptEngine.tsx [Client Component Browser]
    ./app/page.tsx [Client Component Browser]
    ./app/page.tsx [Server Component]

  Client Component SSR:
    ./components/ScriptEngine.tsx [Client Component SSR]
    ./app/page.tsx [Client Component SSR]
    ./app/page.tsx [Server Component] 
[browser] ./components/ScriptEngine.tsx:182:29
Expected ';', '}' or <eof>
  180 |       
  181 |       setComponents(localItems);
> 182 |           { id: 'h_S1', type: 'Hook', name: 'Provocação S1', description: 'Começa com um ...
      |                             ^
  183 |           { id: 'h_S5', type: 'Hook', name: 'Blueprint S5', description: 'Apresenta o map...
  184 |           { id: 'h_S3', type: 'Hook', name: 'Interrupção S3', description: 'Quebra de pad...
  185 |           { id: 'cta_default', type: 'CTA', name: 'Conversão PUC', description: 'Chamada ...

Parsing ecmascript source code failed

Import traces:
  Client Component Browser:
    ./components/ScriptEngine.tsx [Client Component Browser]
    ./app/page.tsx [Client Component Browser]
    ./app/page.tsx [Server Component]

  Client Component SSR:
    ./components/ScriptEngine.tsx [Client Component SSR]
    ./app/page.tsx [Client Component SSR]
    ./app/page.tsx [Server Component] 
[browser] ./components/ScriptEngine.tsx:182:29
Expected ';', '}' or <eof>
  180 |       
  181 |       setComponents(localItems);
> 182 |           { id: 'h_S1', type: 'Hook', name: 'Provocação S1', description: 'Começa com um ...
      |                             ^
  183 |           { id: 'h_S5', type: 'Hook', name: 'Blueprint S5', description: 'Apresenta o map...
  184 |           { id: 'h_S3', type: 'Hook', name: 'Interrupção S3', description: 'Quebra de pad...
  185 |           { id: 'cta_default', type: 'CTA', name: 'Conversão PUC', description: 'Chamada ...

Parsing ecmascript source code failed

Import traces:
  Client Component Browser:
    ./components/ScriptEngine.tsx [Client Component Browser]
    ./app/page.tsx [Client Component Browser]
    ./app/page.tsx [Server Component]

  Client Component SSR:
    ./components/ScriptEngine.tsx [Client Component SSR]
    ./app/page.tsx [Client Component SSR]
    ./app/page.tsx [Server Component] 
[browser] ./components/ScriptEngine.tsx:190:7
Expected a semicolon
  188 |       }
  189 |       */
> 190 |     } catch (e) {
      |       ^^^^^
  191 |       console.error(e);
  192 |       setComponents(localItems);
  193 |     }

Parsing ecmascript source code failed

Import traces:
  Client Component Browser:
    ./components/ScriptEngine.tsx [Client Component Browser]
    ./app/page.tsx [Client Component Browser]
    ./app/page.tsx [Server Component]

  Client Component SSR:
    ./components/ScriptEngine.tsx [Client Component SSR]
    ./app/page.tsx [Client Component SSR]
    ./app/page.tsx [Server Component] 
[browser] ./components/ScriptEngine.tsx:190:7
Expected a semicolon
  188 |       }
  189 |       */
> 190 |     } catch (e) {
      |       ^^^^^
  191 |       console.error(e);
  192 |       setComponents(localItems);
  193 |     }

Parsing ecmascript source code failed

Import traces:
  Client Component Browser:
    ./components/ScriptEngine.tsx [Client Component Browser]
    ./app/page.tsx [Client Component Browser]
    ./app/page.tsx [Server Component]

  Client Component SSR:
    ./components/ScriptEngine.tsx [Client Component SSR]
    ./app/page.tsx [Client Component SSR]
    ./app/page.tsx [Server Component] 
[browser] ./components/ScriptEngine.tsx:190:7
Expected a semicolon
  188 |       }
  189 |       */
> 190 |     } catch (e) {
      |       ^^^^^
  191 |       console.error(e);
  192 |       setComponents(localItems);
  193 |     }

Parsing ecmascript source code failed

Import traces:
  Client Component Browser:
    ./components/ScriptEngine.tsx [Client Component Browser]
    ./app/page.tsx [Client Component Browser]
    ./app/page.tsx [Server Component]

  Client Component SSR:
    ./components/ScriptEngine.tsx [Client Component SSR]
    ./app/page.tsx [Client Component SSR]
    ./app/page.tsx [Server Component] 
[browser] ./components/ScriptEngine.tsx:190:7
Expected a semicolon
  188 |       }
  189 |       */
> 190 |     } catch (e) {
      |       ^^^^^
  191 |       console.error(e);
  192 |       setComponents(localItems);
  193 |     }

Parsing ecmascript source code failed

Import traces:
  Client Component Browser:
    ./components/ScriptEngine.tsx [Client Component Browser]
    ./app/page.tsx [Client Component Browser]
    ./app/page.tsx [Server Component]

  Client Component SSR:
    ./components/ScriptEngine.tsx [Client Component SSR]
    ./app/page.tsx [Client Component SSR]
    ./app/page.tsx [Server Component] 
[browser] ./components/ScriptEngine.tsx:190:7
Expected a semicolon
  188 |       }
  189 |       */
> 190 |     } catch (e) {
      |       ^^^^^
  191 |       console.error(e);
  192 |       setComponents(localItems);
  193 |     }

Parsing ecmascript source code failed

Import traces:
  Client Component Browser:
    ./components/ScriptEngine.tsx [Client Component Browser]
    ./app/page.tsx [Client Component Browser]
    ./app/page.tsx [Server Component]

  Client Component SSR:
    ./components/ScriptEngine.tsx [Client Component SSR]
    ./app/page.tsx [Client Component SSR]
    ./app/page.tsx [Server Component] 
[browser] ./components/ScriptEngine.tsx:190:7
Expected a semicolon
  188 |       }
  189 |       */
> 190 |     } catch (e) {
      |       ^^^^^
  191 |       console.error(e);
  192 |       setComponents(localItems);
  193 |     }

Parsing ecmascript source code failed

Import traces:
  Client Component Browser:
    ./components/ScriptEngine.tsx [Client Component Browser]
    ./app/page.tsx [Client Component Browser]
    ./app/page.tsx [Server Component]

  Client Component SSR:
    ./components/ScriptEngine.tsx [Client Component SSR]
    ./app/page.tsx [Client Component SSR]
    ./app/page.tsx [Server Component] 
⨯ ./components/ScriptEngine.tsx:190:7
Expected a semicolon
  [90m188 |[0m       }
  [90m189 |[0m       */
[31m[1m>[0m [90m190 |[0m     } [36mcatch[0m (e) {
  [90m    |[0m       [31m[1m^^^^^[0m
  [90m191 |[0m       console.error(e);
  [90m192 |[0m       setComponents(localItems);
  [90m193 |[0m     }

Parsing ecmascript source code failed

Import traces:
  Client Component Browser:
    ./components/ScriptEngine.tsx [Client Component Browser]
    ./app/page.tsx [Client Component Browser]
    ./app/page.tsx [Server Component]

  Client Component SSR:
    ./components/ScriptEngine.tsx [Client Component SSR]
    ./app/page.tsx [Client Component SSR]
    ./app/page.tsx [Server Component]


[browser] Uncaught Error: ./components/ScriptEngine.tsx:190:7
Expected a semicolon
  188 |       }
  189 |       */
> 190 |     } catch (e) {
      |       ^^^^^
  191 |       console.error(e);
  192 |       setComponents(localItems);
  193 |     }

Parsing ecmascript source code failed

Import traces:
  Client Component Browser:
    ./components/ScriptEngine.tsx [Client Component Browser]
    ./app/page.tsx [Client Component Browser]
    ./app/page.tsx [Server Component]

  Client Component SSR:
    ./components/ScriptEngine.tsx [Client Component SSR]
    ./app/page.tsx [Client Component SSR]
    ./app/page.tsx [Server Component]


    at <unknown> (Error: ./components/ScriptEngine.tsx:190:7)
    at <unknown> (Error: (./components/ScriptEngine.tsx:190:7)
[browser] ./components/ScriptEngine.tsx:190:7
Expected a semicolon
  188 |       }
  189 |       */
> 190 |     } catch (e) {
      |       ^^^^^
  191 |       console.error(e);
  192 |       setComponents(localItems);
  193 |     }

Parsing ecmascript source code failed

Import traces:
  Client Component Browser:
    ./components/ScriptEngine.tsx [Client Component Browser]
    ./app/page.tsx [Client Component Browser]
    ./app/page.tsx [Server Component]

  Client Component SSR:
    ./components/ScriptEngine.tsx [Client Component SSR]
    ./app/page.tsx [Client Component SSR]
    ./app/page.tsx [Server Component] 
[browser] ./components/ScriptEngine.tsx:190:7
Expected a semicolon
  188 |       }
  189 |       */
> 190 |     } catch (e) {
      |       ^^^^^
  191 |       console.error(e);
  192 |       setComponents(localItems);
  193 |     }

Parsing ecmascript source code failed

Import traces:
  Client Component Browser:
    ./components/ScriptEngine.tsx [Client Component Browser]
    ./app/page.tsx [Client Component Browser]
    ./app/page.tsx [Server Component]

  Client Component SSR:
    ./components/ScriptEngine.tsx [Client Component SSR]
    ./app/page.tsx [Client Component SSR]
    ./app/page.tsx [Server Component] 
Persisting failed: Another write batch or compaction is already active (Only a single write operations is allowed at a time)
Compaction failed: Another write batch or compaction is already active (Only a single write operations is allowed at a time)
Persisting failed: Another write batch or compaction is already active (Only a single write operations is allowed at a time)
Persisting failed: Another write batch or compaction is already active (Only a single write operations is allowed at a time)
Compaction failed: Another write batch or compaction is already active (Only a single write operations is allowed at a time)
[browser] ./components/ScriptEngine.tsx:190:7
Expected a semicolon
  188 |       }
  189 |       */
> 190 |     } catch (e) {
      |       ^^^^^
  191 |       console.error(e);
  192 |       setComponents(localItems);
  193 |     }

Parsing ecmascript source code failed

Import traces:
  Client Component Browser:
    ./components/ScriptEngine.tsx [Client Component Browser]
    ./app/page.tsx [Client Component Browser]
    ./app/page.tsx [Server Component]

  Client Component SSR:
    ./components/ScriptEngine.tsx [Client Component SSR]
    ./app/page.tsx [Client Component SSR]
    ./app/page.tsx [Server Component] 
[browser] ./components/ScriptEngine.tsx:190:7
Expected a semicolon
  188 |       }
  189 |       */
> 190 |     } catch (e) {
      |       ^^^^^
  191 |       console.error(e);
  192 |       setComponents(localItems);
  193 |     }

Parsing ecmascript source code failed

Import traces:
  Client Component Browser:
    ./components/ScriptEngine.tsx [Client Component Browser]
    ./app/page.tsx [Client Component Browser]
    ./app/page.tsx [Server Component]

  Client Component SSR:
    ./components/ScriptEngine.tsx [Client Component SSR]
    ./app/page.tsx [Client Component SSR]
    ./app/page.tsx [Server Component] 
Persisting failed: Another write batch or compaction is already active (Only a single write operations is allowed at a time)
Persisting failed: Another write batch or compaction is already active (Only a single write operations is allowed at a time)
Compaction failed: Another write batch or compaction is already active (Only a single write operations is allowed at a time)
Persisting failed: Another write batch or compaction is already active (Only a single write operations is allowed at a time)
Compaction failed: Another write batch or compaction is already active (Only a single write operations is allowed at a time)
Persisting failed: Another write batch or compaction is already active (Only a single write operations is allowed at a time)
Compaction failed: Another write batch or compaction is already active (Only a single write operations is allowed at a time)
Persisting failed: Another write batch or compaction is already active (Only a single write operations is allowed at a time)
Compaction failed: Another write batch or compaction is already active (Only a single write operations is allowed at a time)
Persisting failed: Another write batch or compaction is already active (Only a single write operations is allowed at a time)
Compaction failed: Another write batch or compaction is already active (Only a single write operations is allowed at a time)
Persisting failed: Another write batch or compaction is already active (Only a single write operations is allowed at a time)
Compaction failed: Another write batch or compaction is already active (Only a single write operations is allowed at a time)
Persisting failed: Another write batch or compaction is already active (Only a single write operations is allowed at a time)
Compaction failed: Another write batch or compaction is already active (Only a single write operations is allowed at a time)
Persisting failed: Another write batch or compaction is already active (Only a single write operations is allowed at a time)
Compaction failed: Another write batch or compaction is already active (Only a single write operations is allowed at a time)
[browser] ./components/ScriptEngine.tsx:190:7
Expected a semicolon
  188 |       }
  189 |       */
> 190 |     } catch (e) {
      |       ^^^^^
  191 |       console.error(e);
  192 |       setComponents(localItems);
  193 |     }

Parsing ecmascript source code failed

Import traces:
  Client Component Browser:
    ./components/ScriptEngine.tsx [Client Component Browser]
    ./app/page.tsx [Client Component Browser]
    ./app/page.tsx [Server Component]

  Client Component SSR:
    ./components/ScriptEngine.tsx [Client Component SSR]
    ./app/page.tsx [Client Component SSR]
    ./app/page.tsx [Server Component] 
[browser] ./components/ScriptEngine.tsx:190:7
Expected a semicolon
  188 |       }
  189 |       */
> 190 |     } catch (e) {
      |       ^^^^^
  191 |       console.error(e);
  192 |       setComponents(localItems);
  193 |     }

Parsing ecmascript source code failed

Import traces:
  Client Component Browser:
    ./components/ScriptEngine.tsx [Client Component Browser]
    ./app/page.tsx [Client Component Browser]
    ./app/page.tsx [Server Component]

  Client Component SSR:
    ./components/ScriptEngine.tsx [Client Component SSR]
    ./app/page.tsx [Client Component SSR]
    ./app/page.tsx [Server Component] 
[browser] ./components/ScriptEngine.tsx:190:7
Expected a semicolon
  188 |       }
  189 |       */
> 190 |     } catch (e) {
      |       ^^^^^
  191 |       console.error(e);
  192 |       setComponents(localItems);
  193 |     }

Parsing ecmascript source code failed

Import traces:
  Client Component Browser:
    ./components/ScriptEngine.tsx [Client Component Browser]
    ./app/page.tsx [Client Component Browser]
    ./app/page.tsx [Server Component]

  Client Component SSR:
    ./components/ScriptEngine.tsx [Client Component SSR]
    ./app/page.tsx [Client Component SSR]
    ./app/page.tsx [Server Component] 
[browser] ./components/ScriptEngine.tsx:190:7
Expected a semicolon
  188 |       }
  189 |       */
> 190 |     } catch (e) {
      |       ^^^^^
  191 |       console.error(e);
  192 |       setComponents(localItems);
  193 |     }

Parsing ecmascript source code failed

Import traces:
  Client Component Browser:
    ./components/ScriptEngine.tsx [Client Component Browser]
    ./app/page.tsx [Client Component Browser]
    ./app/page.tsx [Server Component]

  Client Component SSR:
    ./components/ScriptEngine.tsx [Client Component SSR]
    ./app/page.tsx [Client Component SSR]
    ./app/page.tsx [Server Component] 
[browser] ./components/ScriptEngine.tsx:190:7
Expected a semicolon
  188 |       }
  189 |       */
> 190 |     } catch (e) {
      |       ^^^^^
  191 |       console.error(e);
  192 |       setComponents(localItems);
  193 |     }

Parsing ecmascript source code failed

Import traces:
  Client Component Browser:
    ./components/ScriptEngine.tsx [Client Component Browser]
    ./app/page.tsx [Client Component Browser]
    ./app/page.tsx [Server Component]

  Client Component SSR:
    ./components/ScriptEngine.tsx [Client Component SSR]
    ./app/page.tsx [Client Component SSR]
    ./app/page.tsx [Server Component] 
[browser] ./components/ScriptEngine.tsx:190:7
Expected a semicolon
  188 |       }
  189 |       */
> 190 |     } catch (e) {
      |       ^^^^^
  191 |       console.error(e);
  192 |       setComponents(localItems);
  193 |     }

Parsing ecmascript source code failed

Import traces:
  Client Component Browser:
    ./components/ScriptEngine.tsx [Client Component Browser]
    ./app/page.tsx [Client Component Browser]
    ./app/page.tsx [Server Component]

  Client Component SSR:
    ./components/ScriptEngine.tsx [Client Component SSR]
    ./app/page.tsx [Client Component SSR]
    ./app/page.tsx [Server Component] 
[browser] ./components/ScriptEngine.tsx:190:7
Expected a semicolon
  188 |       }
  189 |       */
> 190 |     } catch (e) {
      |       ^^^^^
  191 |       console.error(e);
  192 |       setComponents(localItems);
  193 |     }

Parsing ecmascript source code failed

Import traces:
  Client Component Browser:
    ./components/ScriptEngine.tsx [Client Component Browser]
    ./app/page.tsx [Client Component Browser]
    ./app/page.tsx [Server Component]

  Client Component SSR:
    ./components/ScriptEngine.tsx [Client Component SSR]
    ./app/page.tsx [Client Component SSR]
    ./app/page.tsx [Server Component] 
[browser] ./components/ScriptEngine.tsx:190:7
Expected a semicolon
  188 |       }
  189 |       */
> 190 |     } catch (e) {
      |       ^^^^^
  191 |       console.error(e);
  192 |       setComponents(localItems);
  193 |     }

Parsing ecmascript source code failed

Import traces:
  Client Component Browser:
    ./components/ScriptEngine.tsx [Client Component Browser]
    ./app/page.tsx [Client Component Browser]
    ./app/page.tsx [Server Component]

  Client Component SSR:
    ./components/ScriptEngine.tsx [Client Component SSR]
    ./app/page.tsx [Client Component SSR]
    ./app/page.tsx [Server Component] 
[browser] ./components/ScriptEngine.tsx:190:7
Expected a semicolon
  188 |       }
  189 |       */
> 190 |     } catch (e) {
      |       ^^^^^
  191 |       console.error(e);
  192 |       setComponents(localItems);
  193 |     }

Parsing ecmascript source code failed

Import traces:
  Client Component Browser:
    ./components/ScriptEngine.tsx [Client Component Browser]
    ./app/page.tsx [Client Component Browser]
    ./app/page.tsx [Server Component]

  Client Component SSR:
    ./components/ScriptEngine.tsx [Client Component SSR]
    ./app/page.tsx [Client Component SSR]
    ./app/page.tsx [Server Component] 
[browser] ./components/ScriptEngine.tsx:190:7
Expected a semicolon
  188 |       }
  189 |       */
> 190 |     } catch (e) {
      |       ^^^^^
  191 |       console.error(e);
  192 |       setComponents(localItems);
  193 |     }

Parsing ecmascript source code failed

Import traces:
  Client Component Browser:
    ./components/ScriptEngine.tsx [Client Component Browser]
    ./app/page.tsx [Client Component Browser]
    ./app/page.tsx [Server Component]

  Client Component SSR:
    ./components/ScriptEngine.tsx [Client Component SSR]
    ./app/page.tsx [Client Component SSR]
    ./app/page.tsx [Server Component] 
[browser] ./components/ScriptEngine.tsx:190:7
Expected a semicolon
  188 |       }
  189 |       */
> 190 |     } catch (e) {
      |       ^^^^^
  191 |       console.error(e);
  192 |       setComponents(localItems);
  193 |     }

Parsing ecmascript source code failed

Import traces:
  Client Component Browser:
    ./components/ScriptEngine.tsx [Client Component Browser]
    ./app/page.tsx [Client Component Browser]
    ./app/page.tsx [Server Component]

  Client Component SSR:
    ./components/ScriptEngine.tsx [Client Component SSR]
    ./app/page.tsx [Client Component SSR]
    ./app/page.tsx [Server Component] 
[browser] ./components/ScriptEngine.tsx:190:7
Expected a semicolon
  188 |       }
  189 |       */
> 190 |     } catch (e) {
      |       ^^^^^
  191 |       console.error(e);
  192 |       setComponents(localItems);
  193 |     }

Parsing ecmascript source code failed

Import traces:
  Client Component Browser:
    ./components/ScriptEngine.tsx [Client Component Browser]
    ./app/page.tsx [Client Component Browser]
    ./app/page.tsx [Server Component]

  Client Component SSR:
    ./components/ScriptEngine.tsx [Client Component SSR]
    ./app/page.tsx [Client Component SSR]
    ./app/page.tsx [Server Component] 
[browser] ./components/ScriptEngine.tsx:190:7
Expected a semicolon
  188 |       }
  189 |       */
> 190 |     } catch (e) {
      |       ^^^^^
  191 |       console.error(e);
  192 |       setComponents(localItems);
  193 |     }

Parsing ecmascript source code failed

Import traces:
  Client Component Browser:
    ./components/ScriptEngine.tsx [Client Component Browser]
    ./app/page.tsx [Client Component Browser]
    ./app/page.tsx [Server Component]

  Client Component SSR:
    ./components/ScriptEngine.tsx [Client Component SSR]
    ./app/page.tsx [Client Component SSR]
    ./app/page.tsx [Server Component] 
[browser] ./components/ScriptEngine.tsx:190:7
Expected a semicolon
  188 |       }
  189 |       */
> 190 |     } catch (e) {
      |       ^^^^^
  191 |       console.error(e);
  192 |       setComponents(localItems);
  193 |     }

Parsing ecmascript source code failed

Import traces:
  Client Component Browser:
    ./components/ScriptEngine.tsx [Client Component Browser]
    ./app/page.tsx [Client Component Browser]
    ./app/page.tsx [Server Component]

  Client Component SSR:
    ./components/ScriptEngine.tsx [Client Component SSR]
    ./app/page.tsx [Client Component SSR]
    ./app/page.tsx [Server Component] 
Persisting failed: Another write batch or compaction is already active (Only a single write operations is allowed at a time)
Compaction failed: Another write batch or compaction is already active (Only a single write operations is allowed at a time)
Persisting failed: Another write batch or compaction is already active (Only a single write operations is allowed at a time)
Compaction failed: Another write batch or compaction is already active (Only a single write operations is allowed at a time)
Persisting failed: Another write batch or compaction is already active (Only a single write operations is allowed at a time)
Compaction failed: Another write batch or compaction is already active (Only a single write operations is allowed at a time)
Persisting failed: Another write batch or compaction is already active (Only a single write operations is allowed at a time)
Compaction failed: Another write batch or compaction is already active (Only a single write operations is allowed at a time)
Persisting failed: Another write batch or compaction is already active (Only a single write operations is allowed at a time)
Compaction failed: Another write batch or compaction is already active (Only a single write operations is allowed at a time)
Persisting failed: Another write batch or compaction is already active (Only a single write operations is allowed at a time)
Persisting failed: Another write batch or compaction is already active (Only a single write operations is allowed at a time)
Compaction failed: Another write batch or compaction is already active (Only a single write operations is allowed at a time)
Persisting failed: Another write batch or compaction is already active (Only a single write operations is allowed at a time)
Compaction failed: Another write batch or compaction is already active (Only a single write operations is allowed at a time)
Persisting failed: Another write batch or compaction is already active (Only a single write operations is allowed at a time)
Persisting failed: Another write batch or compaction is already active (Only a single write operations is allowed at a time)
Compaction failed: Another write batch or compaction is already active (Only a single write operations is allowed at a time)
Persisting failed: Another write batch or compaction is already active (Only a single write operations is allowed at a time)
Compaction failed: Another write batch or compaction is already active (Only a single write operations is allowed at a time)
Persisting failed: Another write batch or compaction is already active (Only a single write operations is allowed at a time)
Persisting failed: Another write batch or compaction is already active (Only a single write operations is allowed at a time)
Compaction failed: Another write batch or compaction is already active (Only a single write operations is allowed at a time)
Persisting failed: Another write batch or compaction is already active (Only a single write operations is allowed at a time)
Compaction failed: Another write batch or compaction is already active (Only a single write operations is allowed at a time)
Persisting failed: Another write batch or compaction is already active (Only a single write operations is allowed at a time)
Compaction failed: Another write batch or compaction is already active (Only a single write operations is allowed at a time)
Persisting failed: Another write batch or compaction is already active (Only a single write operations is allowed at a time)
Persisting failed: Another write batch or compaction is already active (Only a single write operations is allowed at a time)
Compaction failed: Another write batch or compaction is already active (Only a single write operations is allowed at a time)
Persisting failed: Another write batch or compaction is already active (Only a single write operations is allowed at a time)
Compaction failed: Another write batch or compaction is already active (Only a single write operations is allowed at a time)
Persisting failed: Another write batch or compaction is already active (Only a single write operations is allowed at a time)
Compaction failed: Another write batch or compaction is already active (Only a single write operations is allowed at a time)
Persisting failed: Another write batch or compaction is already active (Only a single write operations is allowed at a time)
Compaction failed: Another write batch or compaction is already active (Only a single write operations is allowed at a time)
Persisting failed: Another write batch or compaction is already active (Only a single write operations is allowed at a time)
Compaction failed: Another write batch or compaction is already active (Only a single write operations is allowed at a time)
Persisting failed: Another write batch or compaction is already active (Only a single write operations is allowed at a time)
Compaction failed: Another write batch or compaction is already active (Only a single write operations is allowed at a time)
Persisting failed: Another write batch or compaction is already active (Only a single write operations is allowed at a time)
Compaction failed: Another write batch or compaction is already active (Only a single write operations is allowed at a time)
Persisting failed: Another write batch or compaction is already active (Only a single write operations is allowed at a time)
Compaction failed: Another write batch or compaction is already active (Only a single write operations is allowed at a time)
Persisting failed: Another write batch or compaction is already active (Only a single write operations is allowed at a time)
Compaction failed: Another write batch or compaction is already active (Only a single write operations is allowed at a time)
Persisting failed: Another write batch or compaction is already active (Only a single write operations is allowed at a time)
Compaction failed: Another write batch or compaction is already active (Only a single write operations is allowed at a time)
Persisting failed: Another write batch or compaction is already active (Only a single write operations is allowed at a time)
Compaction failed: Another write batch or compaction is already active (Only a single write operations is allowed at a time)
Persisting failed: Another write batch or compaction is already active (Only a single write operations is allowed at a time)
Compaction failed: Another write batch or compaction is already active (Only a single write operations is allowed at a time)
Persisting failed: Another write batch or compaction is already active (Only a single write operations is allowed at a time)
Compaction failed: Another write batch or compaction is already active (Only a single write operations is allowed at a time)
Persisting failed: Another write batch or compaction is already active (Only a single write operations is allowed at a time)
Compaction failed: Another write batch or compaction is already active (Only a single write operations is allowed at a time)
Persisting failed: Another write batch or compaction is already active (Only a single write operations is allowed at a time)
Compaction failed: Another write batch or compaction is already active (Only a single write operations is allowed at a time)
Persisting failed: Another write batch or compaction is already active (Only a single write operations is allowed at a time)
Compaction failed: Another write batch or compaction is already active (Only a single write operations is allowed at a time)
Persisting failed: Another write batch or compaction is already active (Only a single write operations is allowed at a time)
Compaction failed: Another write batch or compaction is already active (Only a single write operations is allowed at a time)
Persisting failed: Another write batch or compaction is already active (Only a single write operations is allowed at a time)
Compaction failed: Another write batch or compaction is already active (Only a single write operations is allowed at a time)
Persisting failed: Another write batch or compaction is already active (Only a single write operations is allowed at a time)
Compaction failed: Another write batch or compaction is already active (Only a single write operations is allowed at a time)
Persisting failed: Another write batch or compaction is already active (Only a single write operations is allowed at a time)
Compaction failed: Another write batch or compaction is already active (Only a single write operations is allowed at a time)
Persisting failed: Another write batch or compaction is already active (Only a single write operations is allowed at a time)
Compaction failed: Another write batch or compaction is already active (Only a single write operations is allowed at a time)
Persisting failed: Another write batch or compaction is already active (Only a single write operations is allowed at a time)
Compaction failed: Another write batch or compaction is already active (Only a single write operations is allowed at a time)
Persisting failed: Another write batch or compaction is already active (Only a single write operations is allowed at a time)
Persisting failed: Another write batch or compaction is already active (Only a single write operations is allowed at a time)
Compaction failed: Another write batch or compaction is already active (Only a single write operations is allowed at a time)
Persisting failed: Another write batch or compaction is already active (Only a single write operations is allowed at a time)
Compaction failed: Another write batch or compaction is already active (Only a single write operations is allowed at a time)
Persisting failed: Another write batch or compaction is already active (Only a single write operations is allowed at a time)
Persisting failed: Another write batch or compaction is already active (Only a single write operations is allowed at a time)
Compaction failed: Another write batch or compaction is already active (Only a single write operations is allowed at a time)
Persisting failed: Another write batch or compaction is already active (Only a single write operations is allowed at a time)
Compaction failed: Another write batch or compaction is already active (Only a single write operations is allowed at a time)
Persisting failed: Another write batch or compaction is already active (Only a single write operations is allowed at a time)
Compaction failed: Another write batch or compaction is already active (Only a single write operations is allowed at a time)
Compaction failed: Another write batch or compaction is already active (Only a single write operations is allowed at a time)
Persisting failed: Another write batch or compaction is already active (Only a single write operations is allowed at a time)
Compaction failed: Another write batch or compaction is already active (Only a single write operations is allowed at a time)
Persisting failed: Another write batch or compaction is already active (Only a single write operations is allowed at a time)
Compaction failed: Another write batch or compaction is already active (Only a single write operations is allowed at a time)
Persisting failed: Another write batch or compaction is already active (Only a single write operations is allowed at a time)
Compaction failed: Another write batch or compaction is already active (Only a single write operations is allowed at a time)
Persisting failed: Another write batch or compaction is already active (Only a single write operations is allowed at a time)
Compaction failed: Another write batch or compaction is already active (Only a single write operations is allowed at a time)
Persisting failed: Another write batch or compaction is already active (Only a single write operations is allowed at a time)
Compaction failed: Another write batch or compaction is already active (Only a single write operations is allowed at a time)
Persisting failed: Another write batch or compaction is already active (Only a single write operations is allowed at a time)
Compaction failed: Another write batch or compaction is already active (Only a single write operations is allowed at a time)
Compaction failed: Another write batch or compaction is already active (Only a single write operations is allowed at a time)
Compaction failed: Another write batch or compaction is already active (Only a single write operations is allowed at a time)
Compaction failed: Another write batch or compaction is already active (Only a single write operations is allowed at a time)
Compaction failed: Another write batch or compaction is already active (Only a single write operations is allowed at a time)
Compaction failed: Another write batch or compaction is already active (Only a single write operations is allowed at a time)
Compaction failed: Another write batch or compaction is already active (Only a single write operations is allowed at a time)
Compaction failed: Another write batch or compaction is already active (Only a single write operations is allowed at a time)
Compaction failed: Another write batch or compaction is already active (Only a single write operations is allowed at a time)
Persisting failed: Another write batch or compaction is already active (Only a single write operations is allowed at a time)
Compaction failed: Another write batch or compaction is already active (Only a single write operations is allowed at a time)
Persisting failed: Another write batch or compaction is already active (Only a single write operations is allowed at a time)
Compaction failed: Another write batch or compaction is already active (Only a single write operations is allowed at a time)
Compaction failed: Another write batch or compaction is already active (Only a single write operations is allowed at a time)
Persisting failed: Another write batch or compaction is already active (Only a single write operations is allowed at a time)
Compaction failed: Another write batch or compaction is already active (Only a single write operations is allowed at a time)
Persisting failed: Another write batch or compaction is already active (Only a single write operations is allowed at a time)
Persisting failed: Another write batch or compaction is already active (Only a single write operations is allowed at a time)
Compaction failed: Another write batch or compaction is already active (Only a single write operations is allowed at a time)
Persisting failed: Another write batch or compaction is already active (Only a single write operations is allowed at a time)
Compaction failed: Another write batch or compaction is already active (Only a single write operations is allowed at a time)
Persisting failed: Another write batch or compaction is already active (Only a single write operations is allowed at a time)
Compaction failed: Another write batch or compaction is already active (Only a single write operations is allowed at a time)
Persisting failed: Another write batch or compaction is already active (Only a single write operations is allowed at a time)
Compaction failed: Another write batch or compaction is already active (Only a single write operations is allowed at a time)
Compaction failed: Another write batch or compaction is already active (Only a single write operations is allowed at a time)
Compaction failed: Another write batch or compaction is already active (Only a single write operations is allowed at a time)
Compaction failed: Another write batch or compaction is already active (Only a single write operations is allowed at a time)
Compaction failed: Another write batch or compaction is already active (Only a single write operations is allowed at a time)
Compaction failed: Another write batch or compaction is already active (Only a single write operations is allowed at a time)
Compaction failed: Another write batch or compaction is already active (Only a single write operations is allowed at a time)
Compaction failed: Another write batch or compaction is already active (Only a single write operations is allowed at a time)
Persisting failed: Another write batch or compaction is already active (Only a single write operations is allowed at a time)
Compaction failed: Another write batch or compaction is already active (Only a single write operations is allowed at a time)
Persisting failed: Another write batch or compaction is already active (Only a single write operations is allowed at a time)
Compaction failed: Another write batch or compaction is already active (Only a single write operations is allowed at a time)
Persisting failed: Another write batch or compaction is already active (Only a single write operations is allowed at a time)
Persisting failed: Another write batch or compaction is already active (Only a single write operations is allowed at a time)
Compaction failed: Another write batch or compaction is already active (Only a single write operations is allowed at a time)
Persisting failed: Another write batch or compaction is already active (Only a single write operations is allowed at a time)
Compaction failed: Another write batch or compaction is already active (Only a single write operations is allowed at a time)
Persisting failed: Another write batch or compaction is already active (Only a single write operations is allowed at a time)
Compaction failed: Another write batch or compaction is already active (Only a single write operations is allowed at a time)
Persisting failed: Another write batch or compaction is already active (Only a single write operations is allowed at a time)
Compaction failed: Another write batch or compaction is already active (Only a single write operations is allowed at a time)
Persisting failed: Another write batch or compaction is already active (Only a single write operations is allowed at a time)
Compaction failed: Another write batch or compaction is already active (Only a single write operations is allowed at a time)
Persisting failed: Another write batch or compaction is already active (Only a single write operations is allowed at a time)
Compaction failed: Another write batch or compaction is already active (Only a single write operations is allowed at a time)
Persisting failed: Another write batch or compaction is already active (Only a single write operations is allowed at a time)
Compaction failed: Another write batch or compaction is already active (Only a single write operations is allowed at a time)
Persisting failed: Another write batch or compaction is already active (Only a single write operations is allowed at a time)
Compaction failed: Another write batch or compaction is already active (Only a single write operations is allowed at a time)
Compaction failed: Another write batch or compaction is already active (Only a single write operations is allowed at a time)
Compaction failed: Another write batch or compaction is already active (Only a single write operations is allowed at a time)
Compaction failed: Another write batch or compaction is already active (Only a single write operations is allowed at a time)
Compaction failed: Another write batch or compaction is already active (Only a single write operations is allowed at a time)
Compaction failed: Another write batch or compaction is already active (Only a single write operations is allowed at a time)
Compaction failed: Another write batch or compaction is already active (Only a single write operations is allowed at a time)
Compaction failed: Another write batch or compaction is already active (Only a single write operations is allowed at a time)
Compaction failed: Another write batch or compaction is already active (Only a single write operations is allowed at a time)
Compaction failed: Another write batch or compaction is already active (Only a single write operations is allowed at a time)
Compaction failed: Another write batch or compaction is already active (Only a single write operations is allowed at a time)
Compaction failed: Another write batch or compaction is already active (Only a single write operations is allowed at a time)
Compaction failed: Another write batch or compaction is already active (Only a single write operations is allowed at a time)
Compaction failed: Another write batch or compaction is already active (Only a single write operations is allowed at a time)
Persisting failed: Another write batch or compaction is already active (Only a single write operations is allowed at a time)
Compaction failed: Another write batch or compaction is already active (Only a single write operations is allowed at a time)
Persisting failed: Another write batch or compaction is already active (Only a single write operations is allowed at a time)
Compaction failed: Another write batch or compaction is already active (Only a single write operations is allowed at a time)
Persisting failed: Another write batch or compaction is already active (Only a single write operations is allowed at a time)
Compaction failed: Another write batch or compaction is already active (Only a single write operations is allowed at a time)
Persisting failed: Another write batch or compaction is already active (Only a single write operations is allowed at a time)
Compaction failed: Another write batch or compaction is already active (Only a single write operations is allowed at a time)
Persisting failed: Another write batch or compaction is already active (Only a single write operations is allowed at a time)
Compaction failed: Another write batch or compaction is already active (Only a single write operations is allowed at a time)
Persisting failed: Another write batch or compaction is already active (Only a single write operations is allowed at a time)
Compaction failed: Another write batch or compaction is already active (Only a single write operations is allowed at a time)
Persisting failed: Another write batch or compaction is already active (Only a single write operations is allowed at a time)
Compaction failed: Another write batch or compaction is already active (Only a single write operations is allowed at a time)
Persisting failed: Another write batch or compaction is already active (Only a single write operations is allowed at a time)
Compaction failed: Another write batch or compaction is already active (Only a single write operations is allowed at a time)
Persisting failed: Another write batch or compaction is already active (Only a single write operations is allowed at a time)
Persisting failed: Another write batch or compaction is already active (Only a single write operations is allowed at a time)
Compaction failed: Another write batch or compaction is already active (Only a single write operations is allowed at a time)
Persisting failed: Another write batch or compaction is already active (Only a single write operations is allowed at a time)
Compaction failed: Another write batch or compaction is already active (Only a single write operations is allowed at a time)
Compaction failed: Another write batch or compaction is already active (Only a single write operations is allowed at a time)
Compaction failed: Another write batch or compaction is already active (Only a single write operations is allowed at a time)
Compaction failed: Another write batch or compaction is already active (Only a single write operations is allowed at a time)
Compaction failed: Another write batch or compaction is already active (Only a single write operations is allowed at a time)
Compaction failed: Another write batch or compaction is already active (Only a single write operations is allowed at a time)
Compaction failed: Another write batch or compaction is already active (Only a single write operations is allowed at a time)
Compaction failed: Another write batch or compaction is already active (Only a single write operations is allowed at a time)
Compaction failed: Another write batch or compaction is already active (Only a single write operations is allowed at a time)
Compaction failed: Another write batch or compaction is already active (Only a single write operations is allowed at a time)
Compaction failed: Another write batch or compaction is already active (Only a single write operations is allowed at a time)
Compaction failed: Another write batch or compaction is already active (Only a single write operations is allowed at a time)
Persisting failed: Another write batch or compaction is already active (Only a single write operations is allowed at a time)
Compaction failed: Another write batch or compaction is already active (Only a single write operations is allowed at a time)
Compaction failed: Another write batch or compaction is already active (Only a single write operations is allowed at a time)
Persisting failed: Another write batch or compaction is already active (Only a single write operations is allowed at a time)
Compaction failed: Another write batch or compaction is already active (Only a single write operations is allowed at a time)
Persisting failed: Another write batch or compaction is already active (Only a single write operations is allowed at a time)
Persisting failed: Another write batch or compaction is already active (Only a single write operations is allowed at a time)
Persisting failed: Another write batch or compaction is already active (Only a single write operations is allowed at a time)
Compaction failed: Another write batch or compaction is already active (Only a single write operations is allowed at a time)
Persisting failed: Another write batch or compaction is already active (Only a single write operations is allowed at a time)
Compaction failed: Another write batch or compaction is already active (Only a single write operations is allowed at a time)
Compaction failed: Another write batch or compaction is already active (Only a single write operations is allowed at a time)
Compaction failed: Another write batch or compaction is already active (Only a single write operations is allowed at a time)
Compaction failed: Another write batch or compaction is already active (Only a single write operations is allowed at a time)
Compaction failed: Another write batch or compaction is already active (Only a single write operations is allowed at a time)
Compaction failed: Another write batch or compaction is already active (Only a single write operations is allowed at a time)
Compaction failed: Another write batch or compaction is already active (Only a single write operations is allowed at a time)
Persisting failed: Another write batch or compaction is already active (Only a single write operations is allowed at a time)
Compaction failed: Another write batch or compaction is already active (Only a single write operations is allowed at a time)
Persisting failed: Another write batch or compaction is already active (Only a single write operations is allowed at a time)
Compaction failed: Another write batch or compaction is already active (Only a single write operations is allowed at a time)
Persisting failed: Another write batch or compaction is already active (Only a single write operations is allowed at a time)
Persisting failed: Another write batch or compaction is already active (Only a single write operations is allowed at a time)
Compaction failed: Another write batch or compaction is already active (Only a single write operations is allowed at a time)
Persisting failed: Another write batch or compaction is already active (Only a single write operations is allowed at a time)
Compaction failed: Another write batch or compaction is already active (Only a single write operations is allowed at a time)
Persisting failed: Another write batch or compaction is already active (Only a single write operations is allowed at a time)
Compaction failed: Another write batch or compaction is already active (Only a single write operations is allowed at a time)
Persisting failed: Another write batch or compaction is already active (Only a single write operations is allowed at a time)
Persisting failed: Another write batch or compaction is already active (Only a single write operations is allowed at a time)
Compaction failed: Another write batch or compaction is already active (Only a single write operations is allowed at a time)
Persisting failed: Another write batch or compaction is already active (Only a single write operations is allowed at a time)
Compaction failed: Another write batch or compaction is already active (Only a single write operations is allowed at a time)
Persisting failed: Another write batch or compaction is already active (Only a single write operations is allowed at a time)
Compaction failed: Another write batch or compaction is already active (Only a single write operations is allowed at a time)
Persisting failed: Another write batch or compaction is already active (Only a single write operations is allowed at a time)
Persisting failed: Another write batch or compaction is already active (Only a single write operations is allowed at a time)
Compaction failed: Another write batch or compaction is already active (Only a single write operations is allowed at a time)
Persisting failed: Another write batch or compaction is already active (Only a single write operations is allowed at a time)
Persisting failed: Another write batch or compaction is already active (Only a single write operations is allowed at a time)
Compaction failed: Another write batch or compaction is already active (Only a single write operations is allowed at a time)
Persisting failed: Another write batch or compaction is already active (Only a single write operations is allowed at a time)
Persisting failed: Another write batch or compaction is already active (Only a single write operations is allowed at a time)
Persisting failed: Another write batch or compaction is already active (Only a single write operations is allowed at a time)
Compaction failed: Another write batch or compaction is already active (Only a single write operations is allowed at a time)
Persisting failed: Another write batch or compaction is already active (Only a single write operations is allowed at a time)
Compaction failed: Another write batch or compaction is already active (Only a single write operations is allowed at a time)
Persisting failed: Another write batch or compaction is already active (Only a single write operations is allowed at a time)
Compaction failed: Another write batch or compaction is already active (Only a single write operations is allowed at a time)
Persisting failed: Another write batch or compaction is already active (Only a single write operations is allowed at a time)
Compaction failed: Another write batch or compaction is already active (Only a single write operations is allowed at a time)
Persisting failed: Another write batch or compaction is already active (Only a single write operations is allowed at a time)
Compaction failed: Another write batch or compaction is already active (Only a single write operations is allowed at a time)
Persisting failed: Another write batch or compaction is already active (Only a single write operations is allowed at a time)
Persisting failed: Another write batch or compaction is already active (Only a single write operations is allowed at a time)
Persisting failed: Another write batch or compaction is already active (Only a single write operations is allowed at a time)
Compaction failed: Another write batch or compaction is already active (Only a single write operations is allowed at a time)
Persisting failed: Another write batch or compaction is already active (Only a single write operations is allowed at a time)
Compaction failed: Another write batch or compaction is already active (Only a single write operations is allowed at a time)
Persisting failed: Another write batch or compaction is already active (Only a single write operations is allowed at a time)
Persisting failed: Another write batch or compaction is already active (Only a single write operations is allowed at a time)
Compaction failed: Another write batch or compaction is already active (Only a single write operations is allowed at a time)
Persisting failed: Another write batch or compaction is already active (Only a single write operations is allowed at a time)
Persisting failed: Another write batch or compaction is already active (Only a single write operations is allowed at a time)
Compaction failed: Another write batch or compaction is already active (Only a single write operations is allowed at a time)
Persisting failed: Another write batch or compaction is already active (Only a single write operations is allowed at a time)
Compaction failed: Another write batch or compaction is already active (Only a single write operations is allowed at a time)
Persisting failed: Another write batch or compaction is already active (Only a single write operations is allowed at a time)
Compaction failed: Another write batch or compaction is already active (Only a single write operations is allowed at a time)
Persisting failed: Another write batch or compaction is already active (Only a single write operations is allowed at a time)
Compaction failed: Another write batch or compaction is already active (Only a single write operations is allowed at a time)
Persisting failed: Another write batch or compaction is already active (Only a single write operations is allowed at a time)
Compaction failed: Another write batch or compaction is already active (Only a single write operations is allowed at a time)
Persisting failed: Another write batch or compaction is already active (Only a single write operations is allowed at a time)
Compaction failed: Another write batch or compaction is already active (Only a single write operations is allowed at a time)
Persisting failed: Another write batch or compaction is already active (Only a single write operations is allowed at a time)
Compaction failed: Another write batch or compaction is already active (Only a single write operations is allowed at a time)
Persisting failed: Another write batch or compaction is already active (Only a single write operations is allowed at a time)
Compaction failed: Another write batch or compaction is already active (Only a single write operations is allowed at a time)
Persisting failed: Another write batch or compaction is already active (Only a single write operations is allowed at a time)
Compaction failed: Another write batch or compaction is already active (Only a single write operations is allowed at a time)
Persisting failed: Another write batch or compaction is already active (Only a single write operations is allowed at a time)
Compaction failed: Another write batch or compaction is already active (Only a single write operations is allowed at a time)
Persisting failed: Another write batch or compaction is already active (Only a single write operations is allowed at a time)
Compaction failed: Another write batch or compaction is already active (Only a single write operations is allowed at a time)
Persisting failed: Another write batch or compaction is already active (Only a single write operations is allowed at a time)
Compaction failed: Another write batch or compaction is already active (Only a single write operations is allowed at a time)
Persisting failed: Another write batch or compaction is already active (Only a single write operations is allowed at a time)
Compaction failed: Another write batch or compaction is already active (Only a single write operations is allowed at a time)
Persisting failed: Another write batch or compaction is already active (Only a single write operations is allowed at a time)
Compaction failed: Another write batch or compaction is already active (Only a single write operations is allowed at a time)
Compaction failed: Another write batch or compaction is already active (Only a single write operations is allowed at a time)
Compaction failed: Another write batch or compaction is already active (Only a single write operations is allowed at a time)
Persisting failed: Another write batch or compaction is already active (Only a single write operations is allowed at a time)
Compaction failed: Another write batch or compaction is already active (Only a single write operations is allowed at a time)
Persisting failed: Another write batch or compaction is already active (Only a single write operations is allowed at a time)
Compaction failed: Another write batch or compaction is already active (Only a single write operations is allowed at a time)
Persisting failed: Another write batch or compaction is already active (Only a single write operations is allowed at a time)
Compaction failed: Another write batch or compaction is already active (Only a single write operations is allowed at a time)
Compaction failed: Another write batch or compaction is already active (Only a single write operations is allowed at a time)
Compaction failed: Another write batch or compaction is already active (Only a single write operations is allowed at a time)
Compaction failed: Another write batch or compaction is already active (Only a single write operations is allowed at a time)
Compaction failed: Another write batch or compaction is already active (Only a single write operations is allowed at a time)
Compaction failed: Another write batch or compaction is already active (Only a single write operations is allowed at a time)
