
> yt-control-nb@0.1.0 dev
> next dev

▲ Next.js 16.2.2 (Turbopack)
- Local:         http://localhost:3000
- Network:       http://192.168.0.4:3000
- Environments: .env.local
✓ Ready in 9.2s

○ Compiling / ...
 GET / 200 in 7.0s (next.js: 6.4s, application-code: 603ms)
✓ Compiled in 26.4s
✓ Compiled in 895ms
 GET / 200 in 416ms (next.js: 166ms, application-code: 250ms)
✓ Compiled in 8.9s
✓ Compiled in 442ms
✓ Compiled in 19.7s
✓ Compiled in 4.4s
✓ Compiled in 19.6s
✓ Compiled in 1186ms
✓ Compiled in 104ms
✓ Compiled in 89ms
✓ Compiled in 1925ms
✓ Compiled in 3.2s
✓ Compiled in 284ms
✓ Compiled in 81ms
✓ Finished filesystem cache database compaction in 16.9s
✓ Compiled in 89ms
✓ Compiled in 86ms
✓ Compiled in 299ms
✓ Compiled in 90ms
 GET / 200 in 4.0s (next.js: 1143ms, application-code: 2.8s)
 POST /api/assembler/gatekeeper 200 in 14.3s (next.js: 1135ms, application-code: 13.2s)
 POST /api/assembler/shuffle 200 in 60s (next.js: 643ms, application-code: 59s)
✓ Compiled in 13.1s
✓ Compiled in 795ms
✓ Compiled in 209ms
✓ Finished filesystem cache database compaction in 24.9s
✓ Compiled in 719ms
✓ Compiled in 400ms
✓ Compiled in 3.3s
✓ Compiled in 4.5s
✓ Compiled in 184ms
✓ Compiled in 175ms
✓ Compiled in 169ms
✓ Compiled in 261ms
✓ Compiled in 274ms
✓ Compiled in 374ms
✓ Compiled in 256ms
✓ Compiled in 1713ms
✓ Compiled in 421ms
✓ Compiled in 290ms
✓ Compiled in 247ms
✓ Compiled in 294ms
✓ Compiled in 180ms
✓ Compiled in 262ms
✓ Compiled in 116ms
✓ Compiled in 88ms
✓ Compiled in 81ms
✓ Compiled in 80ms
✓ Compiled in 2.6s
✓ Compiled in 87ms
 GET / 200 in 3.2s (next.js: 1556ms, application-code: 1612ms)
✓ Compiled in 401ms
✓ Compiled in 294ms
✓ Compiled in 20.7s
 GET / 200 in 213ms (next.js: 117ms, application-code: 96ms)
 GET / 200 in 58ms (next.js: 6ms, application-code: 52ms)
 GET / 200 in 2.4s (next.js: 27ms, application-code: 2.4s)
 GET / 200 in 74ms (next.js: 10ms, application-code: 64ms)
 GET / 200 in 66ms (next.js: 7ms, application-code: 59ms)
 GET / 200 in 50ms (next.js: 3ms, application-code: 47ms)
 GET / 200 in 49ms (next.js: 3ms, application-code: 46ms)
✓ Compiled in 424ms
✓ Compiled in 92ms
✓ Compiled in 92ms
✓ Compiled in 286ms
✓ Compiled in 287ms
✓ Compiled in 157ms
✓ Compiled in 109ms
✓ Compiled in 94ms
✓ Compiled in 90ms
✓ Compiled in 86ms
✓ Compiled in 282ms
✓ Compiled in 82ms
 GET / 200 in 520ms (next.js: 195ms, application-code: 324ms)
 GET / 200 in 71ms (next.js: 7ms, application-code: 64ms)
✓ Compiled in 94ms
✓ Compiled in 325ms
 GET / 200 in 3.5s (next.js: 1098ms, application-code: 2.4s)
 GET / 200 in 117ms (next.js: 9ms, application-code: 108ms)
✓ Compiled in 2.5s
✓ Compiled in 174ms
✓ Compiled in 12.8s
✓ Compiled in 16.3s
✓ Compiled in 215ms
 GET / 200 in 1642ms (next.js: 1542ms, application-code: 99ms)
✓ Compiled in 302ms
✓ Compiled in 282ms
✓ Compiled in 574ms
✓ Compiled in 1397ms
✓ Compiled in 188ms
✓ Compiled in 628ms
✓ Compiled in 303ms
✓ Compiled in 279ms
✓ Compiled in 375ms
✓ Compiled in 731ms
✓ Compiled in 14.7s
○ Compiling /_error ...
 GET / 500 in 9.3s (next.js: 7.4s, application-code: 1829ms)
 GET / 500 in 43ms (next.js: 19ms, application-code: 24ms)
 GET / 500 in 89ms (next.js: 29ms, application-code: 60ms)
 GET / 500 in 90ms (next.js: 56ms, application-code: 34ms)
 GET / 500 in 91ms (next.js: 78ms, application-code: 14ms)
○ Compiling / ...
 GET / 200 in 4.2s (next.js: 1697ms, application-code: 2.5s)
 GET / 200 in 69ms (next.js: 10ms, application-code: 59ms)
 POST /api/assembler/gatekeeper 200 in 13.2s (next.js: 934ms, application-code: 12.3s)
 POST /api/assembler/shuffle 200 in 76s (next.js: 524ms, application-code: 76s)
✓ Compiled in 15.3s
 POST /api/assembler/gatekeeper 200 in 11.4s (next.js: 318ms, application-code: 11.1s)
 POST /api/assembler/shuffle 200 in 77s (next.js: 12ms, application-code: 77s)
✓ Compiled in 954ms
✓ Compiled in 105ms
✓ Compiled in 284ms
✓ Compiled in 94ms
✓ Compiled in 382ms
 GET / 200 in 1727ms (next.js: 887ms, application-code: 840ms)
 POST /api/assembler/gatekeeper 200 in 14.5s (next.js: 5ms, application-code: 14.5s)
 POST /api/assembler/shuffle 200 in 83s (next.js: 3ms, application-code: 83s)
✓ Compiled in 91ms
 POST /api/assembler/gatekeeper 200 in 16.6s (next.js: 4ms, application-code: 16.6s)
 POST /api/assembler/shuffle 200 in 83s (next.js: 2ms, application-code: 83s)
✓ Compiled in 446ms
✓ Compiled in 97ms
✓ Compiled in 172ms
✓ Compiled in 111ms
✓ Compiled in 487ms
✓ Compiled in 78ms
✓ Compiled in 125ms
✓ Compiled in 97ms
 GET / 200 in 490ms (next.js: 123ms, application-code: 367ms)
 POST /api/assembler/gatekeeper 200 in 14.2s (next.js: 5ms, application-code: 14.2s)
 POST /api/assembler/shuffle 200 in 88s (next.js: 264ms, application-code: 88s)
